{
  "stats": {
    "suites": 2,
    "tests": 10,
    "passes": 10,
    "pending": 0,
    "failures": 0,
    "start": "2021-02-21T18:42:27.348Z",
    "end": "2021-02-21T18:42:44.053Z",
    "duration": 16705,
    "testsRegistered": 10,
    "passPercent": 100,
    "pendingPercent": 0,
    "other": 0,
    "hasOther": false,
    "skipped": 0,
    "hasSkipped": false
  },
  "results": [
    {
      "uuid": "0c2ebf12-d94e-402c-a30b-b597c59ea637",
      "title": "",
      "fullFile": "",
      "file": "",
      "beforeHooks": [
        {
          "title": "\"before each\" hook in \"{root}\"",
          "fullTitle": "\"before each\" hook in \"{root}\"",
          "timedOut": false,
          "duration": 1284,
          "state": null,
          "speed": null,
          "pass": false,
          "fail": false,
          "pending": false,
          "context": null,
          "code": "authData = await (0, _framework.apiProvider)().AuthTMDB().usernameAuth();",
          "err": {},
          "uuid": "a93bae91-6fc4-4ccd-b19e-46399c2bc47d",
          "parentUUID": "0c2ebf12-d94e-402c-a30b-b597c59ea637",
          "isHook": true,
          "skipped": false
        }
      ],
      "afterHooks": [],
      "tests": [],
      "suites": [
        {
          "uuid": "b4d132fd-d0ce-4661-9c01-51c8e7163906",
          "title": "API тесты для https://developers.themoviedb.org, роль - гость",
          "fullFile": "C:\\Users\\ekovalenko\\OTUS\\Project_gitlab\\TheMovieDB\\specs\\guest.spec.js",
          "file": "\\specs\\guest.spec.js",
          "beforeHooks": [],
          "afterHooks": [],
          "tests": [
            {
              "title": "1. Возвращает топ фильмов",
              "fullTitle": "API тесты для https://developers.themoviedb.org, роль - гость 1. Возвращает топ фильмов",
              "timedOut": false,
              "duration": 190,
              "state": "passed",
              "speed": "medium",
              "pass": true,
              "fail": false,
              "pending": false,
              "context": null,
              "code": "const r = await (0, _framework.apiProvider)().MovieTMDB().getTop();\nassert.equal(r.status, 200);",
              "err": {},
              "uuid": "5ce1f168-c001-4355-9516-ec293bc47f91",
              "parentUUID": "b4d132fd-d0ce-4661-9c01-51c8e7163906",
              "isHook": false,
              "skipped": false
            },
            {
              "title": "2. Основная информация о фильме по id",
              "fullTitle": "API тесты для https://developers.themoviedb.org, роль - гость 2. Основная информация о фильме по id",
              "timedOut": false,
              "duration": 178,
              "state": "passed",
              "speed": "medium",
              "pass": true,
              "fail": false,
              "pending": false,
              "context": null,
              "code": "const r = await (0, _framework.apiProvider)().MovieTMDB().getById();\nassert.equal(r.status, 200);",
              "err": {},
              "uuid": "264e757d-087b-47db-8334-e2909f1318ce",
              "parentUUID": "b4d132fd-d0ce-4661-9c01-51c8e7163906",
              "isHook": false,
              "skipped": false
            },
            {
              "title": "3. Список похожих фильмов",
              "fullTitle": "API тесты для https://developers.themoviedb.org, роль - гость 3. Список похожих фильмов",
              "timedOut": false,
              "duration": 181,
              "state": "passed",
              "speed": "medium",
              "pass": true,
              "fail": false,
              "pending": false,
              "context": null,
              "code": "const r = await (0, _framework.apiProvider)().MovieTMDB().getSimilar();\nassert.equal(r.status, 200);",
              "err": {},
              "uuid": "a722844b-8e68-43f4-a92b-2572346832ee",
              "parentUUID": "b4d132fd-d0ce-4661-9c01-51c8e7163906",
              "isHook": false,
              "skipped": false
            },
            {
              "title": "4. Поиск фильмов по артисту",
              "fullTitle": "API тесты для https://developers.themoviedb.org, роль - гость 4. Поиск фильмов по артисту",
              "timedOut": false,
              "duration": 317,
              "state": "passed",
              "speed": "slow",
              "pass": true,
              "fail": false,
              "pending": false,
              "context": null,
              "code": "const params = {\n  query: 'Emma Watson'\n};\nconst r = await (0, _framework.apiProvider)().SearchTMDB().searchByName(params);\nassert.equal(r.body.results[1].name, 'Emma Watson');",
              "err": {},
              "uuid": "11f118a9-7a2f-4666-9d7a-2eafa85daebd",
              "parentUUID": "b4d132fd-d0ce-4661-9c01-51c8e7163906",
              "isHook": false,
              "skipped": false
            },
            {
              "title": "5. Поиск коллекции фильмов",
              "fullTitle": "API тесты для https://developers.themoviedb.org, роль - гость 5. Поиск коллекции фильмов",
              "timedOut": false,
              "duration": 198,
              "state": "passed",
              "speed": "medium",
              "pass": true,
              "fail": false,
              "pending": false,
              "context": null,
              "code": "const r = await (0, _framework.apiProvider)().SearchTMDB().searchСollection();\nassert.equal(r.status, 200);",
              "err": {},
              "uuid": "97cc98a5-71c3-49b7-9224-31f2253b8d5b",
              "parentUUID": "b4d132fd-d0ce-4661-9c01-51c8e7163906",
              "isHook": false,
              "skipped": false
            },
            {
              "title": "6. Поиск по ключевому слову",
              "fullTitle": "API тесты для https://developers.themoviedb.org, роль - гость 6. Поиск по ключевому слову",
              "timedOut": false,
              "duration": 193,
              "state": "passed",
              "speed": "medium",
              "pass": true,
              "fail": false,
              "pending": false,
              "context": null,
              "code": "const r = await (0, _framework.apiProvider)().SearchTMDB().searchByKeyword();\nassert.equal(r.status, 200);",
              "err": {},
              "uuid": "0cdac443-b954-4656-8fe1-60a32d9f03dd",
              "parentUUID": "b4d132fd-d0ce-4661-9c01-51c8e7163906",
              "isHook": false,
              "skipped": false
            }
          ],
          "suites": [],
          "passes": [
            "5ce1f168-c001-4355-9516-ec293bc47f91",
            "264e757d-087b-47db-8334-e2909f1318ce",
            "a722844b-8e68-43f4-a92b-2572346832ee",
            "11f118a9-7a2f-4666-9d7a-2eafa85daebd",
            "97cc98a5-71c3-49b7-9224-31f2253b8d5b",
            "0cdac443-b954-4656-8fe1-60a32d9f03dd"
          ],
          "failures": [],
          "pending": [],
          "skipped": [],
          "duration": 1257,
          "root": false,
          "rootEmpty": false,
          "_timeout": 0
        },
        {
          "uuid": "67ab70d2-4e42-4dfb-bdb4-d1fb361d6bfa",
          "title": "API тесты для https://developers.themoviedb.org, роль - пользователь",
          "fullFile": "C:\\Users\\ekovalenko\\OTUS\\Project_gitlab\\TheMovieDB\\specs\\user.spec.js",
          "file": "\\specs\\user.spec.js",
          "beforeHooks": [],
          "afterHooks": [],
          "tests": [
            {
              "title": "1. Проверить авторизацию путем ввода имени пользователя и пароля",
              "fullTitle": "API тесты для https://developers.themoviedb.org, роль - пользователь 1. Проверить авторизацию путем ввода имени пользователя и пароля",
              "timedOut": false,
              "duration": 0,
              "state": "passed",
              "speed": "fast",
              "pass": true,
              "fail": false,
              "pending": false,
              "context": null,
              "code": "_assert.default.equal(authData.status, true);",
              "err": {},
              "uuid": "3885743e-4969-4f8a-bf2b-71837983f678",
              "parentUUID": "67ab70d2-4e42-4dfb-bdb4-d1fb361d6bfa",
              "isHook": false,
              "skipped": false
            },
            {
              "title": "2. Добавить оценку фильму",
              "fullTitle": "API тесты для https://developers.themoviedb.org, роль - пользователь 2. Добавить оценку фильму",
              "timedOut": false,
              "duration": 405,
              "state": "passed",
              "speed": "slow",
              "pass": true,
              "fail": false,
              "pending": false,
              "context": null,
              "code": "const r = await (0, _framework.apiProvider)().MovieTMDB().addRate(authData.sessionId);\n_assert.default.equal(r.status, 201);",
              "err": {},
              "uuid": "e48b7290-1681-4e06-9ce1-c1ec0674cd6f",
              "parentUUID": "67ab70d2-4e42-4dfb-bdb4-d1fb361d6bfa",
              "isHook": false,
              "skipped": false
            },
            {
              "title": "3. Удалить оценку фильма",
              "fullTitle": "API тесты для https://developers.themoviedb.org, роль - пользователь 3. Удалить оценку фильма",
              "timedOut": false,
              "duration": 327,
              "state": "passed",
              "speed": "slow",
              "pass": true,
              "fail": false,
              "pending": false,
              "context": null,
              "code": "const r = await (0, _framework.apiProvider)().MovieTMDB().deleteRate(authData.sessionId);\n_assert.default.equal(r.status, 200);",
              "err": {},
              "uuid": "389f5c07-0184-4e08-a7f0-e41ee6f39729",
              "parentUUID": "67ab70d2-4e42-4dfb-bdb4-d1fb361d6bfa",
              "isHook": false,
              "skipped": false
            },
            {
              "title": "4. Добавить фильм в избранное",
              "fullTitle": "API тесты для https://developers.themoviedb.org, роль - пользователь 4. Добавить фильм в избранное",
              "timedOut": false,
              "duration": 394,
              "state": "passed",
              "speed": "slow",
              "pass": true,
              "fail": false,
              "pending": false,
              "context": null,
              "code": "// eslint-disable-next-line max-len\nconst r = await (0, _framework.apiProvider)().AccountTMDB().addToFavorite(authData.sessionId, authData.accountId);\n_assert.default.equal(r.status, 201);",
              "err": {},
              "uuid": "4dd32e9f-2a55-41f2-92ae-f710ec79f813",
              "parentUUID": "67ab70d2-4e42-4dfb-bdb4-d1fb361d6bfa",
              "isHook": false,
              "skipped": false
            }
          ],
          "suites": [],
          "passes": [
            "3885743e-4969-4f8a-bf2b-71837983f678",
            "e48b7290-1681-4e06-9ce1-c1ec0674cd6f",
            "389f5c07-0184-4e08-a7f0-e41ee6f39729",
            "4dd32e9f-2a55-41f2-92ae-f710ec79f813"
          ],
          "failures": [],
          "pending": [],
          "skipped": [],
          "duration": 1126,
          "root": false,
          "rootEmpty": false,
          "_timeout": 0
        }
      ],
      "passes": [],
      "failures": [],
      "pending": [],
      "skipped": [],
      "duration": 0,
      "root": true,
      "rootEmpty": true,
      "_timeout": 0
    }
  ],
  "meta": {
    "mocha": {
      "version": "8.3.0"
    },
    "mochawesome": {
      "options": {
        "quiet": false,
        "reportFilename": "mochawesome",
        "saveHtml": true,
        "saveJson": true,
        "consoleReporter": "spec",
        "useInlineDiffs": false,
        "code": true
      },
      "version": "6.2.2"
    },
    "marge": {
      "options": null,
      "version": "5.2.0"
    }
  }
}