{
  "stats": {
    "suites": 1,
    "tests": 0,
    "passes": 0,
    "pending": 0,
    "failures": 0,
    "start": "2021-02-25T05:30:12.554Z",
    "end": "2021-02-25T05:30:15.015Z",
    "duration": 2461,
    "testsRegistered": 10,
    "passPercent": 0,
    "pendingPercent": 0,
    "other": 1,
    "hasOther": true,
    "skipped": 10,
    "hasSkipped": true
  },
  "results": [
    {
      "uuid": "a531fd94-eebb-4197-9a02-374aa6f38bbf",
      "title": "",
      "fullFile": "",
      "file": "",
      "beforeHooks": [
        {
          "title": "\"before each\" hook for \"1. Возвращает топ фильмов\"",
          "fullTitle": "\"before each\" hook for \"1. Возвращает топ фильмов\"",
          "timedOut": false,
          "duration": 2428,
          "state": "failed",
          "speed": null,
          "pass": false,
          "fail": true,
          "pending": false,
          "context": null,
          "code": "authData = await (0, _framework.apiProvider)().AuthTMDB().usernameAuth();",
          "err": {
            "message": "Error: ECONNREFUSED: Connection refused",
            "estack": "Error: ECONNREFUSED: Connection refused\n    at Test.assert (node_modules\\supertest\\lib\\test.js:193:18)\n    at localAssert (node_modules\\supertest\\lib\\test.js:159:12)\n    at fn (node_modules\\supertest\\lib\\test.js:156:5)\n    at Test.callback (node_modules\\superagent\\src\\node\\index.js:902:3)\n    at ClientRequest.<anonymous> (node_modules\\superagent\\src\\node\\index.js:814:10)\n    at TLSSocket.socketErrorListener (_http_client.js:469:9)\n    at emitErrorNT (internal/streams/destroy.js:106:8)\n    at emitErrorCloseNT (internal/streams/destroy.js:74:3)\n    at processTicksAndRejections (internal/process/task_queues.js:80:21)",
            "diff": null
          },
          "uuid": "fde9d9d5-70d4-4742-a179-e23eb12bdc0b",
          "parentUUID": "a531fd94-eebb-4197-9a02-374aa6f38bbf",
          "isHook": true,
          "skipped": false
        }
      ],
      "afterHooks": [],
      "tests": [],
      "suites": [
        {
          "uuid": "d6755e0f-3be6-4ddc-824c-38e84efb6b17",
          "title": "API тесты для https://developers.themoviedb.org, роль - гость",
          "fullFile": "C:\\Users\\ekovalenko\\OTUS\\Project_gitlab\\TheMovieDB\\specs\\guest.spec.js",
          "file": "\\specs\\guest.spec.js",
          "beforeHooks": [],
          "afterHooks": [],
          "tests": [
            {
              "title": "1. Возвращает топ фильмов",
              "fullTitle": "API тесты для https://developers.themoviedb.org, роль - гость 1. Возвращает топ фильмов",
              "timedOut": false,
              "duration": 0,
              "state": null,
              "speed": null,
              "pass": false,
              "fail": false,
              "pending": false,
              "context": null,
              "code": "const r = await (0, _framework.apiProvider)().MovieTMDB().getTop();\nassert.equal(r.status, 200);",
              "err": {},
              "uuid": "465b3432-bf11-4c1f-a187-9efaef762d82",
              "parentUUID": "d6755e0f-3be6-4ddc-824c-38e84efb6b17",
              "isHook": false,
              "skipped": true
            },
            {
              "title": "2. Основная информация о фильме по id",
              "fullTitle": "API тесты для https://developers.themoviedb.org, роль - гость 2. Основная информация о фильме по id",
              "timedOut": false,
              "duration": 0,
              "state": null,
              "speed": null,
              "pass": false,
              "fail": false,
              "pending": false,
              "context": null,
              "code": "const r = await (0, _framework.apiProvider)().MovieTMDB().getById();\nassert.equal(r.status, 200);",
              "err": {},
              "uuid": "9ef22cba-0b01-427f-8f97-a7cdbcfa0a1e",
              "parentUUID": "d6755e0f-3be6-4ddc-824c-38e84efb6b17",
              "isHook": false,
              "skipped": true
            },
            {
              "title": "3. Список похожих фильмов",
              "fullTitle": "API тесты для https://developers.themoviedb.org, роль - гость 3. Список похожих фильмов",
              "timedOut": false,
              "duration": 0,
              "state": null,
              "speed": null,
              "pass": false,
              "fail": false,
              "pending": false,
              "context": null,
              "code": "const r = await (0, _framework.apiProvider)().MovieTMDB().getSimilar();\nassert.equal(r.status, 200);",
              "err": {},
              "uuid": "add0bfe6-2a43-4aeb-be1a-293c9c786723",
              "parentUUID": "d6755e0f-3be6-4ddc-824c-38e84efb6b17",
              "isHook": false,
              "skipped": true
            },
            {
              "title": "4. Поиск фильмов по артисту",
              "fullTitle": "API тесты для https://developers.themoviedb.org, роль - гость 4. Поиск фильмов по артисту",
              "timedOut": false,
              "duration": 0,
              "state": null,
              "speed": null,
              "pass": false,
              "fail": false,
              "pending": false,
              "context": null,
              "code": "const params = {\n  query: 'Emma Watson'\n};\nconst r = await (0, _framework.apiProvider)().SearchTMDB().searchByName(params);\nassert.equal(r.body.results[1].name, 'Emma Watson');",
              "err": {},
              "uuid": "9af0d532-4c2d-4a7f-93b6-a9e86883dc00",
              "parentUUID": "d6755e0f-3be6-4ddc-824c-38e84efb6b17",
              "isHook": false,
              "skipped": true
            },
            {
              "title": "5. Поиск коллекции фильмов",
              "fullTitle": "API тесты для https://developers.themoviedb.org, роль - гость 5. Поиск коллекции фильмов",
              "timedOut": false,
              "duration": 0,
              "state": null,
              "speed": null,
              "pass": false,
              "fail": false,
              "pending": false,
              "context": null,
              "code": "const r = await (0, _framework.apiProvider)().SearchTMDB().searchСollection();\nassert.equal(r.status, 200);",
              "err": {},
              "uuid": "a955cc8e-2b8f-4358-9546-af42be780fa5",
              "parentUUID": "d6755e0f-3be6-4ddc-824c-38e84efb6b17",
              "isHook": false,
              "skipped": true
            },
            {
              "title": "6. Поиск по ключевому слову",
              "fullTitle": "API тесты для https://developers.themoviedb.org, роль - гость 6. Поиск по ключевому слову",
              "timedOut": false,
              "duration": 0,
              "state": null,
              "speed": null,
              "pass": false,
              "fail": false,
              "pending": false,
              "context": null,
              "code": "const r = await (0, _framework.apiProvider)().SearchTMDB().searchByKeyword();\nassert.equal(r.status, 200);",
              "err": {},
              "uuid": "17a46401-81d8-4e29-818e-6b701a46c423",
              "parentUUID": "d6755e0f-3be6-4ddc-824c-38e84efb6b17",
              "isHook": false,
              "skipped": true
            }
          ],
          "suites": [],
          "passes": [],
          "failures": [],
          "pending": [],
          "skipped": [
            "465b3432-bf11-4c1f-a187-9efaef762d82",
            "9ef22cba-0b01-427f-8f97-a7cdbcfa0a1e",
            "add0bfe6-2a43-4aeb-be1a-293c9c786723",
            "9af0d532-4c2d-4a7f-93b6-a9e86883dc00",
            "a955cc8e-2b8f-4358-9546-af42be780fa5",
            "17a46401-81d8-4e29-818e-6b701a46c423"
          ],
          "duration": 0,
          "root": false,
          "rootEmpty": false,
          "_timeout": 0
        },
        {
          "uuid": "a7f94aef-d214-4839-b08e-2fb37d648e98",
          "title": "API тесты для https://developers.themoviedb.org, роль - пользователь",
          "fullFile": "C:\\Users\\ekovalenko\\OTUS\\Project_gitlab\\TheMovieDB\\specs\\user.spec.js",
          "file": "\\specs\\user.spec.js",
          "beforeHooks": [],
          "afterHooks": [],
          "tests": [
            {
              "title": "1. Проверить авторизацию путем ввода имени пользователя и пароля",
              "fullTitle": "API тесты для https://developers.themoviedb.org, роль - пользователь 1. Проверить авторизацию путем ввода имени пользователя и пароля",
              "timedOut": false,
              "duration": 0,
              "state": null,
              "speed": null,
              "pass": false,
              "fail": false,
              "pending": false,
              "context": null,
              "code": "_assert.default.equal(authData.status, true);",
              "err": {},
              "uuid": "0cef3bb6-6a65-4d33-994b-41370a7fddc6",
              "parentUUID": null,
              "isHook": false,
              "skipped": true
            },
            {
              "title": "2. Добавить оценку фильму",
              "fullTitle": "API тесты для https://developers.themoviedb.org, роль - пользователь 2. Добавить оценку фильму",
              "timedOut": false,
              "duration": 0,
              "state": null,
              "speed": null,
              "pass": false,
              "fail": false,
              "pending": false,
              "context": null,
              "code": "const r = await (0, _framework.apiProvider)().MovieTMDB().addRate(authData.sessionId);\n_assert.default.equal(r.status, 201);",
              "err": {},
              "uuid": "bda67d84-3a5b-4bd0-8520-dcadc12c3599",
              "parentUUID": null,
              "isHook": false,
              "skipped": true
            },
            {
              "title": "3. Удалить оценку фильма",
              "fullTitle": "API тесты для https://developers.themoviedb.org, роль - пользователь 3. Удалить оценку фильма",
              "timedOut": false,
              "duration": 0,
              "state": null,
              "speed": null,
              "pass": false,
              "fail": false,
              "pending": false,
              "context": null,
              "code": "const r = await (0, _framework.apiProvider)().MovieTMDB().deleteRate(authData.sessionId);\n_assert.default.equal(r.status, 200);",
              "err": {},
              "uuid": "d86fb2ef-c32e-4f92-ad1f-8262415b197f",
              "parentUUID": null,
              "isHook": false,
              "skipped": true
            },
            {
              "title": "4. Добавить фильм в избранное",
              "fullTitle": "API тесты для https://developers.themoviedb.org, роль - пользователь 4. Добавить фильм в избранное",
              "timedOut": false,
              "duration": 0,
              "state": null,
              "speed": null,
              "pass": false,
              "fail": false,
              "pending": false,
              "context": null,
              "code": "// eslint-disable-next-line max-len\nconst r = await (0, _framework.apiProvider)().AccountTMDB().addToFavorite(authData.sessionId, authData.accountId);\n_assert.default.equal(r.status, 201);",
              "err": {},
              "uuid": "3df58046-d98e-484e-9477-ab3117b8566c",
              "parentUUID": null,
              "isHook": false,
              "skipped": true
            }
          ],
          "suites": [],
          "passes": [],
          "failures": [],
          "pending": [],
          "skipped": [
            "0cef3bb6-6a65-4d33-994b-41370a7fddc6",
            "bda67d84-3a5b-4bd0-8520-dcadc12c3599",
            "d86fb2ef-c32e-4f92-ad1f-8262415b197f",
            "3df58046-d98e-484e-9477-ab3117b8566c"
          ],
          "duration": 0,
          "root": false,
          "rootEmpty": false,
          "_timeout": 0
        }
      ],
      "passes": [],
      "failures": [],
      "pending": [],
      "skipped": [],
      "duration": 0,
      "root": true,
      "rootEmpty": true,
      "_timeout": 0
    }
  ],
  "meta": {
    "mocha": {
      "version": "8.3.0"
    },
    "mochawesome": {
      "options": {
        "quiet": false,
        "reportFilename": "mochawesome",
        "saveHtml": true,
        "saveJson": true,
        "consoleReporter": "spec",
        "useInlineDiffs": false,
        "code": true
      },
      "version": "6.2.2"
    },
    "marge": {
      "options": null,
      "version": "5.2.0"
    }
  }
}